<?xml version="1.0" encoding="UTF-8"?>
<testsuite xmlns:xsi="http://www.w3.org/2001/XMLSchema-instance" xsi:noNamespaceSchemaLocation="https://maven.apache.org/surefire/maven-surefire-plugin/xsd/surefire-test-report.xsd" name="org.oscar.minimum.AppTest" time="0.029" tests="4" errors="0" skipped="0" failures="0">
  <properties>
[...]
</properties>
  <testcase name="arrayWithZero" classname="org.oscar.minimum.AppTest" time="0.002"/>
  <testcase name="arrayWithNegativeNumbers" classname="org.oscar.minimum.AppTest" time="0"/>
  <testcase name="arrayWithoutGaps" classname="org.oscar.minimum.AppTest" time="0"/>
  <testcase name="arrayRepeatedNumbers" classname="org.oscar.minimum.AppTest" time="0"/>
</testsuite>